<?xml version="1.0"?>
<testsuite failures="1" skipped="0" name="cucumber-js" time="0.542146923" tests="5">
  <testcase classname="Enrollment status verification from ESS registry" name="Successfully check enrollment status for active member" time="0.20960404000000002">
    <system-out><![CDATA[Given SP system checks enrollment for person "ABC451123"..................passed
When A POST request to check enrollment is sent...........................passed
Then The check enrollment response should be received.....................passed
And The check enrollment response status should be 200....................passed
And The check enrollment response should have "Content-Type": "applicat...passed
And The check enrollment response should be returned within 15000ms.......passed
And The enrolled_status should be "Active"................................passed]]></system-out>
  </testcase>
  <testcase classname="Registry event notification endpoint" name="Successfully receive notification" time="0.07360530900000001">
    <system-out><![CDATA[Given ESS receives a valid notification event.............................passed
When A POST request to notify is sent.....................................passed
Then The notify response should be received...............................passed
And The notify response status should be 200..............................passed
And The notify response should have "Content-Type": "application/json" ...passed
And The notify response should be returned within 15000ms.................passed
And The notify response ack_status should be "ACK"........................passed]]></system-out>
  </testcase>
  <testcase classname="Async search initiation from ESS registry" name="Successfully initiate async search request" time="0.056353639000000004">
    <system-out><![CDATA[Given SP system wants to async search for eligible members in ESS.........passed
When A POST request to async search is sent...............................passed
Then The response from the async search should be received................passed
And The async search response should have status 200......................passed
And The async search response should have "Content-Type": "application/...passed
And The async search response should be returned within 15000ms...........passed
And The ack_status should be "ACK"........................................passed]]></system-out>
  </testcase>
  <testcase classname="Subscription management for registry events" name="Successfully subscribe to events" time="0.08828255299999999">
    <failure type="TypeError" message="Cannot read properties of undefined (reading 'ack_status')"><![CDATA[TypeError: Cannot read properties of undefined (reading 'ack_status')
    at World.<anonymous> (file:///app/features/support/subscribe.js:55:39)]]></failure>
    <system-out><![CDATA[Given SP system subscribes to ESS events..................................passed
When A POST request to subscribe is sent..................................passed
Then The subscribe response should be received............................passed
And The subscribe response status should be 200...........................passed
And The subscribe response should have "Content-Type": "application/jso...passed
And The subscribe response should be returned within 15000ms..............passed
And The subscribe response ack_status should be "ACK".....................failed]]></system-out>
  </testcase>
  <testcase classname="Synchronous search from ESS registry" name="Successfully perform synchronous search" time="0.114301382">
    <system-out><![CDATA[Given SP system requests member data from ESS.............................passed
When A POST request to sync search is sent................................passed
Then The response should be received......................................passed
And The sync search response status should be 200.........................passed
And The sync search response should have "Content-Type": "application/j...passed
And The sync search response should be returned within 15000ms............passed
And The sync search response should match the expected JSON schema........passed]]></system-out>
  </testcase>
</testsuite>